<?xml version="1.0" encoding="UTF-8"?>
<testsuite name="NeedForSpeedTest" tests="1" skipped="0" failures="0" errors="0" timestamp="2024-06-27T10:31:06" hostname="TIRI-DELL-G15" time="0.05">
  <properties/>
  <testcase name="The tryFinishCar method returns true when car can just finish a race" classname="NeedForSpeedTest" time="0.05"/>
  <system-out><![CDATA[]]></system-out>
  <system-err><![CDATA[]]></system-err>
</testsuite>
