<?xml version="1.0" encoding="UTF-8"?>
<testsuite name="LogsLogsLogsTest" tests="15" skipped="0" failures="0" errors="0" timestamp="2024-06-27T11:03:48" hostname="TIRI-DELL-G15" time="0.095">
  <properties/>
  <testcase name="Get short log output for log level INFO" classname="LogsLogsLogsTest" time="0.058"/>
  <testcase name="Parsing unknown log level ABC" classname="LogsLogsLogsTest" time="0.003"/>
  <testcase name="Parsing log level DBG" classname="LogsLogsLogsTest" time="0.001"/>
  <testcase name="Parsing log level ERR" classname="LogsLogsLogsTest" time="0.001"/>
  <testcase name="Parsing log level FTL" classname="LogsLogsLogsTest" time="0.001"/>
  <testcase name="Parsing log level INF" classname="LogsLogsLogsTest" time="0.001"/>
  <testcase name="Parsing log level WRN" classname="LogsLogsLogsTest" time="0.001"/>
  <testcase name="Parsing unknown log level XYZ" classname="LogsLogsLogsTest" time="0.001"/>
  <testcase name="Get short log output for log level WARNING" classname="LogsLogsLogsTest" time="0.002"/>
  <testcase name="Parsing log level TRC" classname="LogsLogsLogsTest" time="0.001"/>
  <testcase name="Get short log output for log level UNKNOWN" classname="LogsLogsLogsTest" time="0.003"/>
  <testcase name="Get short log output for log level DEBUG" classname="LogsLogsLogsTest" time="0.002"/>
  <testcase name="Get short log output for log level ERROR" classname="LogsLogsLogsTest" time="0.001"/>
  <testcase name="Get short log output for log level FATAL" classname="LogsLogsLogsTest" time="0.001"/>
  <testcase name="Get short log output for log level TRACE" classname="LogsLogsLogsTest" time="0.002"/>
  <system-out><![CDATA[]]></system-out>
  <system-err><![CDATA[]]></system-err>
</testsuite>
