<?xml version="1.0" encoding="UTF-8"?>
<testsuite name="BadgeTest" tests="4" skipped="0" failures="0" errors="0" timestamp="2024-06-28T14:12:26" hostname="TIRI-DELL-G15" time="0.068">
  <properties/>
  <testcase name="Printing a badge for the owner" classname="BadgeTest" time="0.061"/>
  <testcase name="Printing a badge for a new employee" classname="BadgeTest" time="0.002"/>
  <testcase name="Printing a badge for an employee" classname="BadgeTest" time="0.001"/>
  <testcase name="Printing a badge for the owner who is a new employee" classname="BadgeTest" time="0.001"/>
  <system-out><![CDATA[]]></system-out>
  <system-err><![CDATA[]]></system-err>
</testsuite>
